
Due to MODULEPATH changes, the following have been reloaded:
  1) openmpi/2.1.1


Due to MODULEPATH changes, the following have been reloaded:
  1) openmpi/2.1.1

The following have been reloaded with a version change:
  1) cuda/10.0.130 => cuda/8.0.44

Start Time: Mon Jun 15 08:53:53 PDT 2020
Param path params_attn_pg.json
Model path models/train_1591573829/model/model_1000_1591574265.7504194
max_size of vocab was specified as 50000; we now have 50000 words. Stopping reading.
Finished constructing vocabulary of 50000 total words. Last word added: pathogens
cuda:0
example_generator completed reading all datafiles. No more data.
1000 example in 107 sec
/project/6025349/vincenth/.venv/lib/python3.6/site-packages/tensorflow/python/framework/dtypes.py:526: FutureWarning: Passing (type, 1) or '1type' as a synonym of type is deprecated; in a future version of numpy, it will be understood as (type, (1,)) / '(1,)type'.
  _np_qint8 = np.dtype([("qint8", np.int8, 1)])
/project/6025349/vincenth/.venv/lib/python3.6/site-packages/tensorflow/python/framework/dtypes.py:527: FutureWarning: Passing (type, 1) or '1type' as a synonym of type is deprecated; in a future version of numpy, it will be understood as (type, (1,)) / '(1,)type'.
  _np_quint8 = np.dtype([("quint8", np.uint8, 1)])
/project/6025349/vincenth/.venv/lib/python3.6/site-packages/tensorflow/python/framework/dtypes.py:528: FutureWarning: Passing (type, 1) or '1type' as a synonym of type is deprecated; in a future version of numpy, it will be understood as (type, (1,)) / '(1,)type'.
  _np_qint16 = np.dtype([("qint16", np.int16, 1)])
/project/6025349/vincenth/.venv/lib/python3.6/site-packages/tensorflow/python/framework/dtypes.py:529: FutureWarning: Passing (type, 1) or '1type' as a synonym of type is deprecated; in a future version of numpy, it will be understood as (type, (1,)) / '(1,)type'.
  _np_quint16 = np.dtype([("quint16", np.uint16, 1)])
/project/6025349/vincenth/.venv/lib/python3.6/site-packages/tensorflow/python/framework/dtypes.py:530: FutureWarning: Passing (type, 1) or '1type' as a synonym of type is deprecated; in a future version of numpy, it will be understood as (type, (1,)) / '(1,)type'.
  _np_qint32 = np.dtype([("qint32", np.int32, 1)])
/project/6025349/vincenth/.venv/lib/python3.6/site-packages/tensorflow/python/framework/dtypes.py:535: FutureWarning: Passing (type, 1) or '1type' as a synonym of type is deprecated; in a future version of numpy, it will be understood as (type, (1,)) / '(1,)type'.
  np_resource = np.dtype([("resource", np.ubyte, 1)])
WARNING:tensorflow:Bucket input queue is empty when calling next_batch. Bucket queue size: 0, Input queue size: 0
Decoder has finished reading dataset for single_pass.
Scores of python rouge:
{'rouge-1': {'f': 0.00034411659244672297, 'p': 0.008144138952220948, 'r': 0.00017837962823282318}, 'rouge-2': {'f': 0.00023615679532458818, 'p': 0.00584930111656543, 'r': 0.00012156939940603402}, 'rouge-l': {'f': 0.0003343134937847579, 'p': 0.008078668217638743, 'r': 0.00017308141849789232}}
Now starting ROUGE eval...
Writing final ROUGE results to models/train_1591573829/model/valid.decode_model_1000_1591574265.7504194/ROUGE_results.txt...
Param path params_attn_pg.json
Model path models/train_1591573829/model/model_2000_1591574696.6850142
max_size of vocab was specified as 50000; we now have 50000 words. Stopping reading.
Finished constructing vocabulary of 50000 total words. Last word added: pathogens
cuda:0
example_generator completed reading all datafiles. No more data.
1000 example in 89 sec
WARNING:tensorflow:Bucket input queue is empty when calling next_batch. Bucket queue size: 0, Input queue size: 0
Decoder has finished reading dataset for single_pass.
Scores of python rouge:
{'rouge-1': {'f': 0.0018498857344561622, 'p': 0.032572687712321996, 'r': 0.0009706884208748553}, 'rouge-2': {'f': 0.0011831271121012005, 'p': 0.02304097109519757, 'r': 0.0006191788636080249}, 'rouge-l': {'f': 0.0018211584943566637, 'p': 0.032298878634223246, 'r': 0.0009552847253995247}}
Now starting ROUGE eval...
Writing final ROUGE results to models/train_1591573829/model/valid.decode_model_2000_1591574696.6850142/ROUGE_results.txt...
Param path params_attn_pg.json
Model path models/train_1591573829/model/model_3000_1591575129.3443606
max_size of vocab was specified as 50000; we now have 50000 words. Stopping reading.
Finished constructing vocabulary of 50000 total words. Last word added: pathogens
cuda:0
example_generator completed reading all datafiles. No more data.
1000 example in 89 sec
WARNING:tensorflow:Bucket input queue is empty when calling next_batch. Bucket queue size: 0, Input queue size: 0
Decoder has finished reading dataset for single_pass.
Scores of python rouge:
{'rouge-1': {'f': 0.018130635704414734, 'p': 0.46990731811980063, 'r': 0.00936730593395539}, 'rouge-2': {'f': 0.010676039865969367, 'p': 0.28863187981859806, 'r': 0.005512654422636666}, 'rouge-l': {'f': 0.017853863695912672, 'p': 0.46421923908254537, 'r': 0.009223656378419766}}
Now starting ROUGE eval...
Writing final ROUGE results to models/train_1591573829/model/valid.decode_model_3000_1591575129.3443606/ROUGE_results.txt...
Param path params_attn_pg.json
Model path models/train_1591573829/model/model_4000_1591575559.913594
max_size of vocab was specified as 50000; we now have 50000 words. Stopping reading.
Finished constructing vocabulary of 50000 total words. Last word added: pathogens
cuda:0
example_generator completed reading all datafiles. No more data.
1000 example in 88 sec
WARNING:tensorflow:Bucket input queue is empty when calling next_batch. Bucket queue size: 0, Input queue size: 0
Decoder has finished reading dataset for single_pass.
Scores of python rouge:
{'rouge-1': {'f': 0.009731006415642767, 'p': 0.2610271600115228, 'r': 0.005014291428949758}, 'rouge-2': {'f': 0.005759192638271926, 'p': 0.15900605997557968, 'r': 0.002967966834508427}, 'rouge-l': {'f': 0.009567754588747302, 'p': 0.25752638848442094, 'r': 0.004929603617441871}}
Now starting ROUGE eval...
Writing final ROUGE results to models/train_1591573829/model/valid.decode_model_4000_1591575559.913594/ROUGE_results.txt...
Param path params_attn_pg.json
Model path models/train_1591573829/model/model_5000_1591575990.5441725
max_size of vocab was specified as 50000; we now have 50000 words. Stopping reading.
Finished constructing vocabulary of 50000 total words. Last word added: pathogens
cuda:0
example_generator completed reading all datafiles. No more data.
1000 example in 88 sec
WARNING:tensorflow:Bucket input queue is empty when calling next_batch. Bucket queue size: 0, Input queue size: 0
Decoder has finished reading dataset for single_pass.
Scores of python rouge:
{'rouge-1': {'f': 0.009309901657620951, 'p': 0.1977388667740385, 'r': 0.004839905430158552}, 'rouge-2': {'f': 0.005323411622202572, 'p': 0.11682230450384717, 'r': 0.002765052010462238}, 'rouge-l': {'f': 0.009156030774371916, 'p': 0.19465148154503922, 'r': 0.004759778437554373}}
Now starting ROUGE eval...
Writing final ROUGE results to models/train_1591573829/model/valid.decode_model_5000_1591575990.5441725/ROUGE_results.txt...
Param path params_attn_pg.json
Model path models/train_1591573829/model/model_6000_1591576420.1919005
max_size of vocab was specified as 50000; we now have 50000 words. Stopping reading.
Finished constructing vocabulary of 50000 total words. Last word added: pathogens
cuda:0
example_generator completed reading all datafiles. No more data.
1000 example in 82 sec
WARNING:tensorflow:Bucket input queue is empty when calling next_batch. Bucket queue size: 0, Input queue size: 0
Decoder has finished reading dataset for single_pass.
Scores of python rouge:
{'rouge-1': {'f': 0.010641526350454527, 'p': 0.20647522089771372, 'r': 0.0055453040475255564}, 'rouge-2': {'f': 0.006345260561071084, 'p': 0.12746010832590238, 'r': 0.0033023095030293623}, 'rouge-l': {'f': 0.010466530467871995, 'p': 0.20385202916736855, 'r': 0.005453320813697801}}
Now starting ROUGE eval...
Writing final ROUGE results to models/train_1591573829/model/valid.decode_model_6000_1591576420.1919005/ROUGE_results.txt...
Param path params_attn_pg.json
Model path models/train_1591573829/model/model_7000_1591576847.1437113
max_size of vocab was specified as 50000; we now have 50000 words. Stopping reading.
Finished constructing vocabulary of 50000 total words. Last word added: pathogens
cuda:0
example_generator completed reading all datafiles. No more data.
1000 example in 88 sec
WARNING:tensorflow:Bucket input queue is empty when calling next_batch. Bucket queue size: 0, Input queue size: 0
Decoder has finished reading dataset for single_pass.
Scores of python rouge:
{'rouge-1': {'f': 0.019256025831571367, 'p': 0.4292050578800523, 'r': 0.00999574169645725}, 'rouge-2': {'f': 0.011546215968286734, 'p': 0.26275270156642766, 'r': 0.00599069795447787}, 'rouge-l': {'f': 0.01892905528251844, 'p': 0.42330680009395105, 'r': 0.009824230753255666}}
Now starting ROUGE eval...
Writing final ROUGE results to models/train_1591573829/model/valid.decode_model_7000_1591576847.1437113/ROUGE_results.txt...
Param path params_attn_pg.json
Model path models/train_1591573829/model/model_8000_1591577274.793688
max_size of vocab was specified as 50000; we now have 50000 words. Stopping reading.
Finished constructing vocabulary of 50000 total words. Last word added: pathogens
cuda:0
example_generator completed reading all datafiles. No more data.
1000 example in 91 sec
WARNING:tensorflow:Bucket input queue is empty when calling next_batch. Bucket queue size: 0, Input queue size: 0
Decoder has finished reading dataset for single_pass.
Scores of python rouge:
{'rouge-1': {'f': 0.005064047781672291, 'p': 0.106623984415102, 'r': 0.002630592060390439}, 'rouge-2': {'f': 0.0028658544723148783, 'p': 0.059491942339898844, 'r': 0.0014900322438933678}, 'rouge-l': {'f': 0.004993861803819045, 'p': 0.10519740427015678, 'r': 0.002594184945811394}}
Now starting ROUGE eval...
Writing final ROUGE results to models/train_1591573829/model/valid.decode_model_8000_1591577274.793688/ROUGE_results.txt...
Param path params_attn_pg.json
Model path models/train_1591573829/model/model_9000_1591577704.0710735
max_size of vocab was specified as 50000; we now have 50000 words. Stopping reading.
Finished constructing vocabulary of 50000 total words. Last word added: pathogens
cuda:0
example_generator completed reading all datafiles. No more data.
1000 example in 91 sec
WARNING:tensorflow:Bucket input queue is empty when calling next_batch. Bucket queue size: 0, Input queue size: 0
Decoder has finished reading dataset for single_pass.
Scores of python rouge:
{'rouge-1': {'f': 0.004695290262241724, 'p': 0.12286500188847915, 'r': 0.0024231202174837957}, 'rouge-2': {'f': 0.0022913834626711697, 'p': 0.06151455207441549, 'r': 0.0011816576219400967}, 'rouge-l': {'f': 0.004628113439616798, 'p': 0.1214691694304631, 'r': 0.0023884472938447894}}
Now starting ROUGE eval...
Writing final ROUGE results to models/train_1591573829/model/valid.decode_model_9000_1591577704.0710735/ROUGE_results.txt...
Param path params_attn_pg.json
Model path models/train_1591573829/model/model_10000_1591578141.087227
max_size of vocab was specified as 50000; we now have 50000 words. Stopping reading.
Finished constructing vocabulary of 50000 total words. Last word added: pathogens
cuda:0
example_generator completed reading all datafiles. No more data.
1000 example in 91 sec
WARNING:tensorflow:Bucket input queue is empty when calling next_batch. Bucket queue size: 0, Input queue size: 0
Decoder has finished reading dataset for single_pass.
Scores of python rouge:
{'rouge-1': {'f': 0.006844041862923714, 'p': 0.15319351687269214, 'r': 0.0035591787842108873}, 'rouge-2': {'f': 0.003715941564905803, 'p': 0.08386408797238737, 'r': 0.0019316273139965141}, 'rouge-l': {'f': 0.006707718985199524, 'p': 0.15105247520494075, 'r': 0.0034872343948102844}}
Now starting ROUGE eval...
Writing final ROUGE results to models/train_1591573829/model/valid.decode_model_10000_1591578141.087227/ROUGE_results.txt...
Param path params_attn_pg.json
Model path models/train_1591573829/model/model_11000_1591578578.0289903
max_size of vocab was specified as 50000; we now have 50000 words. Stopping reading.
Finished constructing vocabulary of 50000 total words. Last word added: pathogens
cuda:0
example_generator completed reading all datafiles. No more data.
1000 example in 93 sec
WARNING:tensorflow:Bucket input queue is empty when calling next_batch. Bucket queue size: 0, Input queue size: 0
Decoder has finished reading dataset for single_pass.
Scores of python rouge:
{'rouge-1': {'f': 0.0165173602454633, 'p': 0.3858156727210871, 'r': 0.00856514696434295}, 'rouge-2': {'f': 0.008908598029411517, 'p': 0.21094925498374684, 'r': 0.0046196962265897205}, 'rouge-l': {'f': 0.016254994499764055, 'p': 0.38080089298943665, 'r': 0.008428433439986985}}
Now starting ROUGE eval...
Writing final ROUGE results to models/train_1591573829/model/valid.decode_model_11000_1591578578.0289903/ROUGE_results.txt...
Param path params_attn_pg.json
Model path models/train_1591573829/model/model_12000_1591579015.268867
max_size of vocab was specified as 50000; we now have 50000 words. Stopping reading.
Finished constructing vocabulary of 50000 total words. Last word added: pathogens
cuda:0
example_generator completed reading all datafiles. No more data.
1000 example in 90 sec
WARNING:tensorflow:Bucket input queue is empty when calling next_batch. Bucket queue size: 0, Input queue size: 0
Decoder has finished reading dataset for single_pass.
Scores of python rouge:
{'rouge-1': {'f': 0.008551846848953382, 'p': 0.2007202621639477, 'r': 0.004433261767689551}, 'rouge-2': {'f': 0.004527784056147026, 'p': 0.1085058377505728, 'r': 0.002347746022128189}, 'rouge-l': {'f': 0.00841536273304816, 'p': 0.19792228627835864, 'r': 0.004362119103757843}}
Now starting ROUGE eval...
Writing final ROUGE results to models/train_1591573829/model/valid.decode_model_12000_1591579015.268867/ROUGE_results.txt...
Param path params_attn_pg.json
Model path models/train_1591573829/model/model_13000_1591579452.9475458
max_size of vocab was specified as 50000; we now have 50000 words. Stopping reading.
Finished constructing vocabulary of 50000 total words. Last word added: pathogens
cuda:0
example_generator completed reading all datafiles. No more data.
1000 example in 90 sec
WARNING:tensorflow:Bucket input queue is empty when calling next_batch. Bucket queue size: 0, Input queue size: 0
Decoder has finished reading dataset for single_pass.
Scores of python rouge:
{'rouge-1': {'f': 0.009683755579415063, 'p': 0.22296396216067124, 'r': 0.005019182422879524}, 'rouge-2': {'f': 0.0047251731246892555, 'p': 0.107974838985044, 'r': 0.002451082992781119}, 'rouge-l': {'f': 0.009481764008783512, 'p': 0.21971802270512053, 'r': 0.00491350912893783}}
Now starting ROUGE eval...
Writing final ROUGE results to models/train_1591573829/model/valid.decode_model_13000_1591579452.9475458/ROUGE_results.txt...
Param path params_attn_pg.json
Model path models/train_1591573829/model/model_14000_1591579890.0929468
max_size of vocab was specified as 50000; we now have 50000 words. Stopping reading.
Finished constructing vocabulary of 50000 total words. Last word added: pathogens
cuda:0
example_generator completed reading all datafiles. No more data.
1000 example in 89 sec
WARNING:tensorflow:Bucket input queue is empty when calling next_batch. Bucket queue size: 0, Input queue size: 0
Decoder has finished reading dataset for single_pass.
Scores of python rouge:
{'rouge-1': {'f': 0.01250493899908204, 'p': 0.2765631060055773, 'r': 0.006492163332363596}, 'rouge-2': {'f': 0.006418566169548095, 'p': 0.1452686278989809, 'r': 0.0033323949645227813}, 'rouge-l': {'f': 0.01229762273337142, 'p': 0.273201706722183, 'r': 0.0063833780971900254}}
Now starting ROUGE eval...
Writing final ROUGE results to models/train_1591573829/model/valid.decode_model_14000_1591579890.0929468/ROUGE_results.txt...
Param path params_attn_pg.json
Model path models/train_1591573829/model/model_15000_1591580327.3676062
max_size of vocab was specified as 50000; we now have 50000 words. Stopping reading.
Finished constructing vocabulary of 50000 total words. Last word added: pathogens
cuda:0
example_generator completed reading all datafiles. No more data.
1000 example in 90 sec
WARNING:tensorflow:Bucket input queue is empty when calling next_batch. Bucket queue size: 0, Input queue size: 0
Decoder has finished reading dataset for single_pass.
Scores of python rouge:
{'rouge-1': {'f': 0.01479207967460841, 'p': 0.3408305354557064, 'r': 0.007674914591583979}, 'rouge-2': {'f': 0.007382128381548311, 'p': 0.17584516470429895, 'r': 0.003828477927773292}, 'rouge-l': {'f': 0.0145594201890176, 'p': 0.3366786724411226, 'r': 0.007553177908621929}}
Now starting ROUGE eval...
Writing final ROUGE results to models/train_1591573829/model/valid.decode_model_15000_1591580327.3676062/ROUGE_results.txt...
Param path params_attn_pg.json
Model path models/train_1591573829/model/model_16000_1591580764.4569864
max_size of vocab was specified as 50000; we now have 50000 words. Stopping reading.
Finished constructing vocabulary of 50000 total words. Last word added: pathogens
cuda:0
example_generator completed reading all datafiles. No more data.
1000 example in 88 sec
WARNING:tensorflow:Bucket input queue is empty when calling next_batch. Bucket queue size: 0, Input queue size: 0
Decoder has finished reading dataset for single_pass.
Scores of python rouge:
{'rouge-1': {'f': 0.01220816889991273, 'p': 0.27797895093070624, 'r': 0.00632947470684255}, 'rouge-2': {'f': 0.0059161762458287, 'p': 0.1359068711337041, 'r': 0.003067573527847669}, 'rouge-l': {'f': 0.011953720685417868, 'p': 0.27395318727292833, 'r': 0.0061961672245311366}}
Now starting ROUGE eval...
Writing final ROUGE results to models/train_1591573829/model/valid.decode_model_16000_1591580764.4569864/ROUGE_results.txt...
Param path params_attn_pg.json
Model path models/train_1591573829/model/model_17000_1591581201.6399908
max_size of vocab was specified as 50000; we now have 50000 words. Stopping reading.
Finished constructing vocabulary of 50000 total words. Last word added: pathogens
cuda:0
example_generator completed reading all datafiles. No more data.
1000 example in 89 sec
WARNING:tensorflow:Bucket input queue is empty when calling next_batch. Bucket queue size: 0, Input queue size: 0
Decoder has finished reading dataset for single_pass.
Scores of python rouge:
{'rouge-1': {'f': 0.015567711839184895, 'p': 0.3582220859837635, 'r': 0.00807274213097466}, 'rouge-2': {'f': 0.00798007910211118, 'p': 0.18562554232110187, 'r': 0.004139351237946616}, 'rouge-l': {'f': 0.015294491474687604, 'p': 0.3531977922921782, 'r': 0.00793037078211752}}
Now starting ROUGE eval...
Writing final ROUGE results to models/train_1591573829/model/valid.decode_model_17000_1591581201.6399908/ROUGE_results.txt...
Param path params_attn_pg.json
Model path models/train_1591573829/model/model_18000_1591581639.2783098
max_size of vocab was specified as 50000; we now have 50000 words. Stopping reading.
Finished constructing vocabulary of 50000 total words. Last word added: pathogens
cuda:0
example_generator completed reading all datafiles. No more data.
1000 example in 91 sec
WARNING:tensorflow:Bucket input queue is empty when calling next_batch. Bucket queue size: 0, Input queue size: 0
Decoder has finished reading dataset for single_pass.
Scores of python rouge:
{'rouge-1': {'f': 0.010811487696203515, 'p': 0.2628795996380079, 'r': 0.005590964649484876}, 'rouge-2': {'f': 0.00481061532477748, 'p': 0.12084592295568965, 'r': 0.002485487014977424}, 'rouge-l': {'f': 0.01062380831743354, 'p': 0.2593544621427069, 'r': 0.005492960383532438}}
Now starting ROUGE eval...
Writing final ROUGE results to models/train_1591573829/model/valid.decode_model_18000_1591581639.2783098/ROUGE_results.txt...
Param path params_attn_pg.json
Model path models/train_1591573829/model/model_19000_1591582076.664778
max_size of vocab was specified as 50000; we now have 50000 words. Stopping reading.
Finished constructing vocabulary of 50000 total words. Last word added: pathogens
cuda:0
example_generator completed reading all datafiles. No more data.
1000 example in 90 sec
WARNING:tensorflow:Bucket input queue is empty when calling next_batch. Bucket queue size: 0, Input queue size: 0
Decoder has finished reading dataset for single_pass.
Scores of python rouge:
{'rouge-1': {'f': 0.01643548804894128, 'p': 0.3860076667365848, 'r': 0.008520960233864627}, 'rouge-2': {'f': 0.008140176940855292, 'p': 0.19216139457459577, 'r': 0.004219038342228705}, 'rouge-l': {'f': 0.016171735545225545, 'p': 0.38115218098827947, 'r': 0.008382828977538937}}
Now starting ROUGE eval...
Writing final ROUGE results to models/train_1591573829/model/valid.decode_model_19000_1591582076.664778/ROUGE_results.txt...
Param path params_attn_pg.json
Model path models/train_1591573829/model/model_20000_1591582515.4954515
max_size of vocab was specified as 50000; we now have 50000 words. Stopping reading.
Finished constructing vocabulary of 50000 total words. Last word added: pathogens
cuda:0
example_generator completed reading all datafiles. No more data.
1000 example in 90 sec
WARNING:tensorflow:Bucket input queue is empty when calling next_batch. Bucket queue size: 0, Input queue size: 0
Decoder has finished reading dataset for single_pass.
Scores of python rouge:
{'rouge-1': {'f': 0.015734357001331814, 'p': 0.3789432757177651, 'r': 0.00814575020036691}, 'rouge-2': {'f': 0.006913796221077389, 'p': 0.17221366572665334, 'r': 0.003578679126132312}, 'rouge-l': {'f': 0.015389067653487415, 'p': 0.3723294674301947, 'r': 0.007966015270579285}}
Now starting ROUGE eval...
Writing final ROUGE results to models/train_1591573829/model/valid.decode_model_20000_1591582515.4954515/ROUGE_results.txt...
Param path params_attn_pg.json
Model path models/train_1591573829/model/model_21000_1591582952.7703972
max_size of vocab was specified as 50000; we now have 50000 words. Stopping reading.
Finished constructing vocabulary of 50000 total words. Last word added: pathogens
cuda:0
example_generator completed reading all datafiles. No more data.
1000 example in 89 sec
WARNING:tensorflow:Bucket input queue is empty when calling next_batch. Bucket queue size: 0, Input queue size: 0
Decoder has finished reading dataset for single_pass.
Scores of python rouge:
{'rouge-1': {'f': 0.017159202713152775, 'p': 0.4161261688275322, 'r': 0.008888031162877357}, 'rouge-2': {'f': 0.008092229485441905, 'p': 0.1994540292800491, 'r': 0.004189142650079385}, 'rouge-l': {'f': 0.01684310254881934, 'p': 0.4103700910445744, 'r': 0.008722528434111903}}
Now starting ROUGE eval...
Writing final ROUGE results to models/train_1591573829/model/valid.decode_model_21000_1591582952.7703972/ROUGE_results.txt...
Param path params_attn_pg.json
Model path models/train_1591573829/model/model_22000_1591583390.0306573
max_size of vocab was specified as 50000; we now have 50000 words. Stopping reading.
Finished constructing vocabulary of 50000 total words. Last word added: pathogens
cuda:0
example_generator completed reading all datafiles. No more data.
1000 example in 88 sec
WARNING:tensorflow:Bucket input queue is empty when calling next_batch. Bucket queue size: 0, Input queue size: 0
Decoder has finished reading dataset for single_pass.
Scores of python rouge:
{'rouge-1': {'f': 0.017717477285907855, 'p': 0.42839200722903614, 'r': 0.009174444256832654}, 'rouge-2': {'f': 0.008525713643517783, 'p': 0.20985973638734162, 'r': 0.004414600142681575}, 'rouge-l': {'f': 0.017396586213284528, 'p': 0.4217483114047868, 'r': 0.009007033311266914}}
Now starting ROUGE eval...
Writing final ROUGE results to models/train_1591573829/model/valid.decode_model_22000_1591583390.0306573/ROUGE_results.txt...
Param path params_attn_pg.json
Model path models/train_1591573829/model/model_23000_1591583827.542497
max_size of vocab was specified as 50000; we now have 50000 words. Stopping reading.
Finished constructing vocabulary of 50000 total words. Last word added: pathogens
cuda:0
example_generator completed reading all datafiles. No more data.
1000 example in 87 sec
WARNING:tensorflow:Bucket input queue is empty when calling next_batch. Bucket queue size: 0, Input queue size: 0
Decoder has finished reading dataset for single_pass.
Scores of python rouge:
{'rouge-1': {'f': 0.01235267246915541, 'p': 0.2975046881263016, 'r': 0.00639180804119203}, 'rouge-2': {'f': 0.005527907174348941, 'p': 0.13978468924826135, 'r': 0.0028587207467610366}, 'rouge-l': {'f': 0.012079321066248769, 'p': 0.2931771626248842, 'r': 0.0062479201277876205}}
Now starting ROUGE eval...
Writing final ROUGE results to models/train_1591573829/model/valid.decode_model_23000_1591583827.542497/ROUGE_results.txt...
Param path params_attn_pg.json
Model path models/train_1591573829/model/model_24000_1591584264.560507
max_size of vocab was specified as 50000; we now have 50000 words. Stopping reading.
Finished constructing vocabulary of 50000 total words. Last word added: pathogens
cuda:0
example_generator completed reading all datafiles. No more data.
1000 example in 91 sec
WARNING:tensorflow:Bucket input queue is empty when calling next_batch. Bucket queue size: 0, Input queue size: 0
Decoder has finished reading dataset for single_pass.
Scores of python rouge:
{'rouge-1': {'f': 0.01668886771385825, 'p': 0.3901168660918198, 'r': 0.00865443976698246}, 'rouge-2': {'f': 0.007877214082014342, 'p': 0.18689936515176556, 'r': 0.004086179328787598}, 'rouge-l': {'f': 0.01636657911057909, 'p': 0.38380943598304285, 'r': 0.00848601541031838}}
Now starting ROUGE eval...
Writing final ROUGE results to models/train_1591573829/model/valid.decode_model_24000_1591584264.560507/ROUGE_results.txt...
Param path params_attn_pg.json
Model path models/train_1591573829/model/model_25000_1591584701.6434796
max_size of vocab was specified as 50000; we now have 50000 words. Stopping reading.
Finished constructing vocabulary of 50000 total words. Last word added: pathogens
cuda:0
example_generator completed reading all datafiles. No more data.
1000 example in 90 sec
WARNING:tensorflow:Bucket input queue is empty when calling next_batch. Bucket queue size: 0, Input queue size: 0
Decoder has finished reading dataset for single_pass.
Scores of python rouge:
{'rouge-1': {'f': 0.0153930500523365, 'p': 0.3552371571206486, 'r': 0.007990321205723207}, 'rouge-2': {'f': 0.007900470025043236, 'p': 0.18584040691068496, 'r': 0.004098855374651675}, 'rouge-l': {'f': 0.015098485616051668, 'p': 0.3499071355300971, 'r': 0.007835858463184178}}
Now starting ROUGE eval...
Writing final ROUGE results to models/train_1591573829/model/valid.decode_model_25000_1591584701.6434796/ROUGE_results.txt...
[(7000, 0.01905), (3000, 0.01793), (22000, 0.01745), (21000, 0.01703), (24000, 0.01662), (11000, 0.01646), (19000, 0.0163), (20000, 0.01561), (17000, 0.0154), (25000, 0.01529), (15000, 0.01464), (14000, 0.01239), (23000, 0.01229), (16000, 0.01213), (18000, 0.01071), (6000, 0.01047), (13000, 0.00969), (4000, 0.00964), (5000, 0.0092), (12000, 0.00847), (10000, 0.0068), (8000, 0.005), (9000, 0.00467), (2000, 0.00183), (1000, 0.00034)]
Start Time: Mon Jun 15 08:53:53 PDT 2020
End Time: Mon Jun 15 12:10:27 PDT 2020
