
Due to MODULEPATH changes, the following have been reloaded:
  1) openmpi/2.1.1


Due to MODULEPATH changes, the following have been reloaded:
  1) openmpi/2.1.1

The following have been reloaded with a version change:
  1) cuda/10.0.130 => cuda/8.0.44

Start Time: Mon Jun 22 17:32:54 PDT 2020
/project/6025349/vincenth/.venv/lib/python3.6/site-packages/tensorflow/python/framework/dtypes.py:526: FutureWarning: Passing (type, 1) or '1type' as a synonym of type is deprecated; in a future version of numpy, it will be understood as (type, (1,)) / '(1,)type'.
  _np_qint8 = np.dtype([("qint8", np.int8, 1)])
/project/6025349/vincenth/.venv/lib/python3.6/site-packages/tensorflow/python/framework/dtypes.py:527: FutureWarning: Passing (type, 1) or '1type' as a synonym of type is deprecated; in a future version of numpy, it will be understood as (type, (1,)) / '(1,)type'.
  _np_quint8 = np.dtype([("quint8", np.uint8, 1)])
/project/6025349/vincenth/.venv/lib/python3.6/site-packages/tensorflow/python/framework/dtypes.py:528: FutureWarning: Passing (type, 1) or '1type' as a synonym of type is deprecated; in a future version of numpy, it will be understood as (type, (1,)) / '(1,)type'.
  _np_qint16 = np.dtype([("qint16", np.int16, 1)])
/project/6025349/vincenth/.venv/lib/python3.6/site-packages/tensorflow/python/framework/dtypes.py:529: FutureWarning: Passing (type, 1) or '1type' as a synonym of type is deprecated; in a future version of numpy, it will be understood as (type, (1,)) / '(1,)type'.
  _np_quint16 = np.dtype([("quint16", np.uint16, 1)])
/project/6025349/vincenth/.venv/lib/python3.6/site-packages/tensorflow/python/framework/dtypes.py:530: FutureWarning: Passing (type, 1) or '1type' as a synonym of type is deprecated; in a future version of numpy, it will be understood as (type, (1,)) / '(1,)type'.
  _np_qint32 = np.dtype([("qint32", np.int32, 1)])
/project/6025349/vincenth/.venv/lib/python3.6/site-packages/tensorflow/python/framework/dtypes.py:535: FutureWarning: Passing (type, 1) or '1type' as a synonym of type is deprecated; in a future version of numpy, it will be understood as (type, (1,)) / '(1,)type'.
  np_resource = np.dtype([("resource", np.ubyte, 1)])
[1m[31mERROR: [0mThe function received no value for the required argument: param_path
Usage: prsum.py train PARAM_PATH <flags>
  optional flags:        --model_path | --eval

For detailed information on this command, run:
  prsum.py train --help
/var/spool/slurmd/job44468042/slurm_script: line 17: --param-path: command not found
Start Time: Mon Jun 22 17:32:54 PDT 2020
End Time: Mon Jun 22 17:33:46 PDT 2020
